{"numFailedTestSuites":1,"numFailedTests":3,"numPassedTestSuites":0,"numPassedTests":4,"numPendingTestSuites":0,"numPendingTests":0,"numRuntimeErrorTestSuites":0,"numTodoTests":0,"numTotalTestSuites":1,"numTotalTests":7,"openHandles":[],"snapshot":{"added":0,"didUpdate":false,"failure":false,"filesAdded":0,"filesRemoved":0,"filesRemovedList":[],"filesUnmatched":0,"filesUpdated":0,"matched":0,"total":0,"unchecked":0,"uncheckedKeysByFile":[],"unmatched":0,"updated":0},"startTime":1667198747957,"success":false,"testResults":[{"assertionResults":[{"ancestorTitles":["Autocomplete UI 컴포넌트 기능 테스트","input 기능 테스트"],"failureMessages":[],"fullName":"Autocomplete UI 컴포넌트 기능 테스트 input 기능 테스트 input 엘리먼트에 onChange 이벤트 핸들러가 불려와야 합니다.","location":null,"status":"passed","title":"input 엘리먼트에 onChange 이벤트 핸들러가 불려와야 합니다."},{"ancestorTitles":["Autocomplete UI 컴포넌트 기능 테스트","input 기능 테스트"],"failureMessages":[],"fullName":"Autocomplete UI 컴포넌트 기능 테스트 input 기능 테스트 input 값을 삭제할 수 있는 버튼이 있어야 합니다.","location":null,"status":"passed","title":"input 값을 삭제할 수 있는 버튼이 있어야 합니다."},{"ancestorTitles":["Autocomplete UI 컴포넌트 기능 테스트","input 기능 테스트"],"failureMessages":[],"fullName":"Autocomplete UI 컴포넌트 기능 테스트 input 기능 테스트 삭제 버튼 클릭 시 input value가 삭제되어야 합니다.","location":null,"status":"passed","title":"삭제 버튼 클릭 시 input value가 삭제되어야 합니다."},{"ancestorTitles":["Autocomplete UI 컴포넌트 기능 테스트","drop down 기능 테스트"],"failureMessages":[],"fullName":"Autocomplete UI 컴포넌트 기능 테스트 drop down 기능 테스트 input 값이 포함 된 자동 완성 추천 drop down 리스트가 보여야 합니다.","location":null,"status":"passed","title":"input 값이 포함 된 자동 완성 추천 drop down 리스트가 보여야 합니다."},{"ancestorTitles":["Autocomplete UI 컴포넌트 기능 테스트","drop down 기능 테스트"],"failureMessages":["Error: expect(received).toBeGreaterThan(expected)\n\nExpected: > 0\nReceived:   0\n\n\u001b[36m<html>\u001b[39m\n  \u001b[36m<head>\u001b[39m\n    \u001b[36m<style\u001b[39m\n      \u001b[33mdata-styled\u001b[39m=\u001b[32m\"active\"\u001b[39m\n      \u001b[33mdata-styled-version\u001b[39m=\u001b[32m\"5.2.3\"\u001b[39m\n    \u001b[36m>\u001b[39m\n      \u001b[0m.kIKVPQ{margin-top:8rem;background-color:#ffffff;display:-webkit-box;display:-webkit-flex;display:-ms-flexbox;display:flex;-webkit-flex-direction:row;-ms-flex-direction:row;flex-direction:row;padding:1rem;border:1px solid rgb(223,225,229);border-radius:1rem 1rem 1rem 1rem;z-index:3;box-shadow:0;}\u001b[0m\n      \u001b[0m.kIKVPQ:focus-within{box-shadow:0 4px 6px rgb(32 33 36 / 28%);}\u001b[0m\n      \u001b[0m.kIKVPQ &gt; input{-webkit-flex:1 0 0;-ms-flex:1 0 0;flex:1 0 0;background-color:transparent;border:none;margin:0;padding:0;outline:none;font-size:16px;}\u001b[0m\n      \u001b[0m.kIKVPQ &gt; div.delete-button{cursor:pointer;}\u001b[0m\n      \u001b[0m.jsjusb{background-color:#ffffff;display:block;margin-left:auto;margin-right:auto;list-style-type:none;margin-block-start:0;margin-block-end:0;margin-inline-start:0px;margin-inline-end:0px;padding-inline-start:0px;margin-top:-1px;padding:0.5rem 0;border:1px solid rgb(223,225,229);border-radius:0 0 1rem 1rem;box-shadow:0 4px 6px rgb(32 33 36 / 28%);z-index:3;}\u001b[0m\n      \u001b[0m.jsjusb &gt; li{padding:0 1rem;}\u001b[0m\n    \u001b[36m</style>\u001b[39m\n  \u001b[36m</head>\u001b[39m\n  \u001b[36m<body>\u001b[39m\n    \u001b[36m<div>\u001b[39m\n      \u001b[36m<div\u001b[39m\n        \u001b[33mclass\u001b[39m=\u001b[32m\"autocomplete-wrapper\"\u001b[39m\n      \u001b[36m>\u001b[39m\n        \u001b[36m<div\u001b[39m\n          \u001b[33mclass\u001b[39m=\u001b[32m\"sc-bdvvaa kIKVPQ\"\u001b[39m\n        \u001b[36m>\u001b[39m\n          \u001b[36m<input\u001b[39m\n            \u001b[33mvalue\u001b[39m=\u001b[32m\"a\"\u001b[39m\n          \u001b[36m/>\u001b[39m\n          \u001b[36m<div\u001b[39m\n            \u001b[33mclass\u001b[39m=\u001b[32m\"delete-button\"\u001b[39m\n          \u001b[36m>\u001b[39m\n            \u001b[0m×\u001b[0m\n          \u001b[36m</div>\u001b[39m\n        \u001b[36m</div>\u001b[39m\n        \u001b[36m<ul\u001b[39m\n          \u001b[33mclass\u001b[39m=\u001b[32m\"sc-gsDJrp jsjusb\"\u001b[39m\n        \u001b[36m>\u001b[39m\n          \u001b[36m<div>\u001b[39m\n            \u001b[0m \u001b[0m\n            \u001b[0mantique\u001b[0m\n          \u001b[36m</div>\u001b[39m\n          \u001b[36m<div>\u001b[39m\n            \u001b[0m \u001b[0m\n            \u001b[0mvintage\u001b[0m\n          \u001b[36m</div>\u001b[39m\n        \u001b[36m</ul>\u001b[39m\n      \u001b[36m</div>\u001b[39m\n    \u001b[36m</div>\u001b[39m\n  \u001b[36m</body>\u001b[39m\n\u001b[36m</html>\u001b[39m\n    at /Users/jangjun-ig/Documents/GitHub/fe-sprint-react-custom-component/src/components/__tests__/Autocomplete.test.js:55:49\n    at runWithExpensiveErrorDiagnosticsDisabled (/Users/jangjun-ig/Documents/GitHub/fe-sprint-react-custom-component/node_modules/@testing-library/dom/dist/config.js:51:12)\n    at checkCallback (/Users/jangjun-ig/Documents/GitHub/fe-sprint-react-custom-component/node_modules/@testing-library/dom/dist/wait-for.js:127:77)\n    at checkRealTimersCallback (/Users/jangjun-ig/Documents/GitHub/fe-sprint-react-custom-component/node_modules/@testing-library/dom/dist/wait-for.js:119:16)\n    at Timeout.task [as _onTimeout] (/Users/jangjun-ig/Documents/GitHub/fe-sprint-react-custom-component/node_modules/jsdom/lib/jsdom/browser/Window.js:516:19)\n    at listOnTimeout (node:internal/timers:559:17)\n    at processTimers (node:internal/timers:502:7)"],"fullName":"Autocomplete UI 컴포넌트 기능 테스트 drop down 기능 테스트 drop down 항목을 마우스로 클릭 시, input 값 변경에 따라 drop down 목록이 변경되어야 합니다.","location":null,"status":"failed","title":"drop down 항목을 마우스로 클릭 시, input 값 변경에 따라 drop down 목록이 변경되어야 합니다."},{"ancestorTitles":["Autocomplete UI 컴포넌트 기능 테스트","drop down 기능 테스트"],"failureMessages":["Error: expect(received).toBeGreaterThan(expected)\n\nExpected: > 0\nReceived:   0\n\n\u001b[36m<html>\u001b[39m\n  \u001b[36m<head>\u001b[39m\n    \u001b[36m<style\u001b[39m\n      \u001b[33mdata-styled\u001b[39m=\u001b[32m\"active\"\u001b[39m\n      \u001b[33mdata-styled-version\u001b[39m=\u001b[32m\"5.2.3\"\u001b[39m\n    \u001b[36m>\u001b[39m\n      \u001b[0m.kIKVPQ{margin-top:8rem;background-color:#ffffff;display:-webkit-box;display:-webkit-flex;display:-ms-flexbox;display:flex;-webkit-flex-direction:row;-ms-flex-direction:row;flex-direction:row;padding:1rem;border:1px solid rgb(223,225,229);border-radius:1rem 1rem 1rem 1rem;z-index:3;box-shadow:0;}\u001b[0m\n      \u001b[0m.kIKVPQ:focus-within{box-shadow:0 4px 6px rgb(32 33 36 / 28%);}\u001b[0m\n      \u001b[0m.kIKVPQ &gt; input{-webkit-flex:1 0 0;-ms-flex:1 0 0;flex:1 0 0;background-color:transparent;border:none;margin:0;padding:0;outline:none;font-size:16px;}\u001b[0m\n      \u001b[0m.kIKVPQ &gt; div.delete-button{cursor:pointer;}\u001b[0m\n      \u001b[0m.jsjusb{background-color:#ffffff;display:block;margin-left:auto;margin-right:auto;list-style-type:none;margin-block-start:0;margin-block-end:0;margin-inline-start:0px;margin-inline-end:0px;padding-inline-start:0px;margin-top:-1px;padding:0.5rem 0;border:1px solid rgb(223,225,229);border-radius:0 0 1rem 1rem;box-shadow:0 4px 6px rgb(32 33 36 / 28%);z-index:3;}\u001b[0m\n      \u001b[0m.jsjusb &gt; li{padding:0 1rem;}\u001b[0m\n    \u001b[36m</style>\u001b[39m\n  \u001b[36m</head>\u001b[39m\n  \u001b[36m<body>\u001b[39m\n    \u001b[36m<div>\u001b[39m\n      \u001b[36m<div\u001b[39m\n        \u001b[33mclass\u001b[39m=\u001b[32m\"autocomplete-wrapper\"\u001b[39m\n      \u001b[36m>\u001b[39m\n        \u001b[36m<div\u001b[39m\n          \u001b[33mclass\u001b[39m=\u001b[32m\"sc-bdvvaa kIKVPQ\"\u001b[39m\n        \u001b[36m>\u001b[39m\n          \u001b[36m<input\u001b[39m\n            \u001b[33mvalue\u001b[39m=\u001b[32m\"a\"\u001b[39m\n          \u001b[36m/>\u001b[39m\n          \u001b[36m<div\u001b[39m\n            \u001b[33mclass\u001b[39m=\u001b[32m\"delete-button\"\u001b[39m\n          \u001b[36m>\u001b[39m\n            \u001b[0m×\u001b[0m\n          \u001b[36m</div>\u001b[39m\n        \u001b[36m</div>\u001b[39m\n        \u001b[36m<ul\u001b[39m\n          \u001b[33mclass\u001b[39m=\u001b[32m\"sc-gsDJrp jsjusb\"\u001b[39m\n        \u001b[36m>\u001b[39m\n          \u001b[36m<div>\u001b[39m\n            \u001b[0m \u001b[0m\n            \u001b[0mantique\u001b[0m\n          \u001b[36m</div>\u001b[39m\n          \u001b[36m<div>\u001b[39m\n            \u001b[0m \u001b[0m\n            \u001b[0mvintage\u001b[0m\n          \u001b[36m</div>\u001b[39m\n        \u001b[36m</ul>\u001b[39m\n      \u001b[36m</div>\u001b[39m\n    \u001b[36m</div>\u001b[39m\n  \u001b[36m</body>\u001b[39m\n\u001b[36m</html>\u001b[39m\n    at /Users/jangjun-ig/Documents/GitHub/fe-sprint-react-custom-component/src/components/__tests__/Autocomplete.test.js:68:49\n    at runWithExpensiveErrorDiagnosticsDisabled (/Users/jangjun-ig/Documents/GitHub/fe-sprint-react-custom-component/node_modules/@testing-library/dom/dist/config.js:51:12)\n    at checkCallback (/Users/jangjun-ig/Documents/GitHub/fe-sprint-react-custom-component/node_modules/@testing-library/dom/dist/wait-for.js:127:77)\n    at checkRealTimersCallback (/Users/jangjun-ig/Documents/GitHub/fe-sprint-react-custom-component/node_modules/@testing-library/dom/dist/wait-for.js:119:16)\n    at Timeout.task [as _onTimeout] (/Users/jangjun-ig/Documents/GitHub/fe-sprint-react-custom-component/node_modules/jsdom/lib/jsdom/browser/Window.js:516:19)\n    at listOnTimeout (node:internal/timers:559:17)\n    at processTimers (node:internal/timers:502:7)"],"fullName":"Autocomplete UI 컴포넌트 기능 테스트 drop down 기능 테스트 drop down 항목을 마우스로 클릭 시, input 값이 변경되어야 합니다.","location":null,"status":"failed","title":"drop down 항목을 마우스로 클릭 시, input 값이 변경되어야 합니다."},{"ancestorTitles":["Autocomplete UI 컴포넌트 기능 테스트","drop down 기능 테스트"],"failureMessages":["Error: expect(received).toBeGreaterThan(expected)\n\nExpected: > 0\nReceived:   0\n\n\u001b[36m<html>\u001b[39m\n  \u001b[36m<head>\u001b[39m\n    \u001b[36m<style\u001b[39m\n      \u001b[33mdata-styled\u001b[39m=\u001b[32m\"active\"\u001b[39m\n      \u001b[33mdata-styled-version\u001b[39m=\u001b[32m\"5.2.3\"\u001b[39m\n    \u001b[36m>\u001b[39m\n      \u001b[0m.kIKVPQ{margin-top:8rem;background-color:#ffffff;display:-webkit-box;display:-webkit-flex;display:-ms-flexbox;display:flex;-webkit-flex-direction:row;-ms-flex-direction:row;flex-direction:row;padding:1rem;border:1px solid rgb(223,225,229);border-radius:1rem 1rem 1rem 1rem;z-index:3;box-shadow:0;}\u001b[0m\n      \u001b[0m.kIKVPQ:focus-within{box-shadow:0 4px 6px rgb(32 33 36 / 28%);}\u001b[0m\n      \u001b[0m.kIKVPQ &gt; input{-webkit-flex:1 0 0;-ms-flex:1 0 0;flex:1 0 0;background-color:transparent;border:none;margin:0;padding:0;outline:none;font-size:16px;}\u001b[0m\n      \u001b[0m.kIKVPQ &gt; div.delete-button{cursor:pointer;}\u001b[0m\n      \u001b[0m.jsjusb{background-color:#ffffff;display:block;margin-left:auto;margin-right:auto;list-style-type:none;margin-block-start:0;margin-block-end:0;margin-inline-start:0px;margin-inline-end:0px;padding-inline-start:0px;margin-top:-1px;padding:0.5rem 0;border:1px solid rgb(223,225,229);border-radius:0 0 1rem 1rem;box-shadow:0 4px 6px rgb(32 33 36 / 28%);z-index:3;}\u001b[0m\n      \u001b[0m.jsjusb &gt; li{padding:0 1rem;}\u001b[0m\n    \u001b[36m</style>\u001b[39m\n  \u001b[36m</head>\u001b[39m\n  \u001b[36m<body>\u001b[39m\n    \u001b[36m<div>\u001b[39m\n      \u001b[36m<div\u001b[39m\n        \u001b[33mclass\u001b[39m=\u001b[32m\"autocomplete-wrapper\"\u001b[39m\n      \u001b[36m>\u001b[39m\n        \u001b[36m<div\u001b[39m\n          \u001b[33mclass\u001b[39m=\u001b[32m\"sc-bdvvaa kIKVPQ\"\u001b[39m\n        \u001b[36m>\u001b[39m\n          \u001b[36m<input\u001b[39m\n            \u001b[33mvalue\u001b[39m=\u001b[32m\"a\"\u001b[39m\n          \u001b[36m/>\u001b[39m\n          \u001b[36m<div\u001b[39m\n            \u001b[33mclass\u001b[39m=\u001b[32m\"delete-button\"\u001b[39m\n          \u001b[36m>\u001b[39m\n            \u001b[0m×\u001b[0m\n          \u001b[36m</div>\u001b[39m\n        \u001b[36m</div>\u001b[39m\n        \u001b[36m<ul\u001b[39m\n          \u001b[33mclass\u001b[39m=\u001b[32m\"sc-gsDJrp jsjusb\"\u001b[39m\n        \u001b[36m>\u001b[39m\n          \u001b[36m<div>\u001b[39m\n            \u001b[0m \u001b[0m\n            \u001b[0mantique\u001b[0m\n          \u001b[36m</div>\u001b[39m\n          \u001b[36m<div>\u001b[39m\n            \u001b[0m \u001b[0m\n            \u001b[0mvintage\u001b[0m\n          \u001b[36m</div>\u001b[39m\n        \u001b[36m</ul>\u001b[39m\n      \u001b[36m</div>\u001b[39m\n    \u001b[36m</div>\u001b[39m\n  \u001b[36m</body>\u001b[39m\n\u001b[36m</html>\u001b[39m\n    at /Users/jangjun-ig/Documents/GitHub/fe-sprint-react-custom-component/src/components/__tests__/Autocomplete.test.js:81:49\n    at runWithExpensiveErrorDiagnosticsDisabled (/Users/jangjun-ig/Documents/GitHub/fe-sprint-react-custom-component/node_modules/@testing-library/dom/dist/config.js:51:12)\n    at checkCallback (/Users/jangjun-ig/Documents/GitHub/fe-sprint-react-custom-component/node_modules/@testing-library/dom/dist/wait-for.js:127:77)\n    at checkRealTimersCallback (/Users/jangjun-ig/Documents/GitHub/fe-sprint-react-custom-component/node_modules/@testing-library/dom/dist/wait-for.js:119:16)\n    at Timeout.task [as _onTimeout] (/Users/jangjun-ig/Documents/GitHub/fe-sprint-react-custom-component/node_modules/jsdom/lib/jsdom/browser/Window.js:516:19)\n    at listOnTimeout (node:internal/timers:559:17)\n    at processTimers (node:internal/timers:502:7)"],"fullName":"Autocomplete UI 컴포넌트 기능 테스트 drop down 기능 테스트 drop down 항목을 마우스로 클릭 시, input 값이 이미 있어도 input 값이 drop down 항목의 값으로 변경되어야 합니다.","location":null,"status":"failed","title":"drop down 항목을 마우스로 클릭 시, input 값이 이미 있어도 input 값이 drop down 항목의 값으로 변경되어야 합니다."}],"endTime":1667198752302,"message":"  ● Autocomplete UI 컴포넌트 기능 테스트 › drop down 기능 테스트 › drop down 항목을 마우스로 클릭 시, input 값 변경에 따라 drop down 목록이 변경되어야 합니다.\n\n    expect(received).toBeGreaterThan(expected)\n\n    Expected: > 0\n    Received:   0\n\n    \u001b[36m<html>\u001b[39m\n      \u001b[36m<head>\u001b[39m\n        \u001b[36m<style\u001b[39m\n          \u001b[33mdata-styled\u001b[39m=\u001b[32m\"active\"\u001b[39m\n          \u001b[33mdata-styled-version\u001b[39m=\u001b[32m\"5.2.3\"\u001b[39m\n        \u001b[36m>\u001b[39m\n          \u001b[0m.kIKVPQ{margin-top:8rem;background-color:#ffffff;display:-webkit-box;display:-webkit-flex;display:-ms-flexbox;display:flex;-webkit-flex-direction:row;-ms-flex-direction:row;flex-direction:row;padding:1rem;border:1px solid rgb(223,225,229);border-radius:1rem 1rem 1rem 1rem;z-index:3;box-shadow:0;}\u001b[0m\n          \u001b[0m.kIKVPQ:focus-within{box-shadow:0 4px 6px rgb(32 33 36 / 28%);}\u001b[0m\n          \u001b[0m.kIKVPQ &gt; input{-webkit-flex:1 0 0;-ms-flex:1 0 0;flex:1 0 0;background-color:transparent;border:none;margin:0;padding:0;outline:none;font-size:16px;}\u001b[0m\n          \u001b[0m.kIKVPQ &gt; div.delete-button{cursor:pointer;}\u001b[0m\n          \u001b[0m.jsjusb{background-color:#ffffff;display:block;margin-left:auto;margin-right:auto;list-style-type:none;margin-block-start:0;margin-block-end:0;margin-inline-start:0px;margin-inline-end:0px;padding-inline-start:0px;margin-top:-1px;padding:0.5rem 0;border:1px solid rgb(223,225,229);border-radius:0 0 1rem 1rem;box-shadow:0 4px 6px rgb(32 33 36 / 28%);z-index:3;}\u001b[0m\n          \u001b[0m.jsjusb &gt; li{padding:0 1rem;}\u001b[0m\n        \u001b[36m</style>\u001b[39m\n      \u001b[36m</head>\u001b[39m\n      \u001b[36m<body>\u001b[39m\n        \u001b[36m<div>\u001b[39m\n          \u001b[36m<div\u001b[39m\n            \u001b[33mclass\u001b[39m=\u001b[32m\"autocomplete-wrapper\"\u001b[39m\n          \u001b[36m>\u001b[39m\n            \u001b[36m<div\u001b[39m\n              \u001b[33mclass\u001b[39m=\u001b[32m\"sc-bdvvaa kIKVPQ\"\u001b[39m\n            \u001b[36m>\u001b[39m\n              \u001b[36m<input\u001b[39m\n                \u001b[33mvalue\u001b[39m=\u001b[32m\"a\"\u001b[39m\n              \u001b[36m/>\u001b[39m\n              \u001b[36m<div\u001b[39m\n                \u001b[33mclass\u001b[39m=\u001b[32m\"delete-button\"\u001b[39m\n              \u001b[36m>\u001b[39m\n                \u001b[0m×\u001b[0m\n              \u001b[36m</div>\u001b[39m\n            \u001b[36m</div>\u001b[39m\n            \u001b[36m<ul\u001b[39m\n              \u001b[33mclass\u001b[39m=\u001b[32m\"sc-gsDJrp jsjusb\"\u001b[39m\n            \u001b[36m>\u001b[39m\n              \u001b[36m<div>\u001b[39m\n                \u001b[0m \u001b[0m\n                \u001b[0mantique\u001b[0m\n              \u001b[36m</div>\u001b[39m\n              \u001b[36m<div>\u001b[39m\n                \u001b[0m \u001b[0m\n                \u001b[0mvintage\u001b[0m\n              \u001b[36m</div>\u001b[39m\n            \u001b[36m</ul>\u001b[39m\n          \u001b[36m</div>\u001b[39m\n        \u001b[36m</div>\u001b[39m\n      \u001b[36m</body>\u001b[39m\n    \u001b[36m</html>\u001b[39m\n\n      53 |     userEvent.type(input, 'a');\n      54 |     await waitFor(() => {\n    > 55 |       expect(queryAllByRole('listitem').length).toBeGreaterThan(0);\n         |                                                 ^\n      56 |     });\n      57 |     userEvent.click(queryAllByRole('listitem')[0]);\n      58 |     await waitFor(() => {\n\n      at src/components/__tests__/Autocomplete.test.js:55:49\n      at runWithExpensiveErrorDiagnosticsDisabled (node_modules/@testing-library/dom/dist/config.js:51:12)\n      at checkCallback (node_modules/@testing-library/dom/dist/wait-for.js:127:77)\n      at checkRealTimersCallback (node_modules/@testing-library/dom/dist/wait-for.js:119:16)\n      at Timeout.task [as _onTimeout] (node_modules/jsdom/lib/jsdom/browser/Window.js:516:19)\n\n  ● Autocomplete UI 컴포넌트 기능 테스트 › drop down 기능 테스트 › drop down 항목을 마우스로 클릭 시, input 값이 변경되어야 합니다.\n\n    expect(received).toBeGreaterThan(expected)\n\n    Expected: > 0\n    Received:   0\n\n    \u001b[36m<html>\u001b[39m\n      \u001b[36m<head>\u001b[39m\n        \u001b[36m<style\u001b[39m\n          \u001b[33mdata-styled\u001b[39m=\u001b[32m\"active\"\u001b[39m\n          \u001b[33mdata-styled-version\u001b[39m=\u001b[32m\"5.2.3\"\u001b[39m\n        \u001b[36m>\u001b[39m\n          \u001b[0m.kIKVPQ{margin-top:8rem;background-color:#ffffff;display:-webkit-box;display:-webkit-flex;display:-ms-flexbox;display:flex;-webkit-flex-direction:row;-ms-flex-direction:row;flex-direction:row;padding:1rem;border:1px solid rgb(223,225,229);border-radius:1rem 1rem 1rem 1rem;z-index:3;box-shadow:0;}\u001b[0m\n          \u001b[0m.kIKVPQ:focus-within{box-shadow:0 4px 6px rgb(32 33 36 / 28%);}\u001b[0m\n          \u001b[0m.kIKVPQ &gt; input{-webkit-flex:1 0 0;-ms-flex:1 0 0;flex:1 0 0;background-color:transparent;border:none;margin:0;padding:0;outline:none;font-size:16px;}\u001b[0m\n          \u001b[0m.kIKVPQ &gt; div.delete-button{cursor:pointer;}\u001b[0m\n          \u001b[0m.jsjusb{background-color:#ffffff;display:block;margin-left:auto;margin-right:auto;list-style-type:none;margin-block-start:0;margin-block-end:0;margin-inline-start:0px;margin-inline-end:0px;padding-inline-start:0px;margin-top:-1px;padding:0.5rem 0;border:1px solid rgb(223,225,229);border-radius:0 0 1rem 1rem;box-shadow:0 4px 6px rgb(32 33 36 / 28%);z-index:3;}\u001b[0m\n          \u001b[0m.jsjusb &gt; li{padding:0 1rem;}\u001b[0m\n        \u001b[36m</style>\u001b[39m\n      \u001b[36m</head>\u001b[39m\n      \u001b[36m<body>\u001b[39m\n        \u001b[36m<div>\u001b[39m\n          \u001b[36m<div\u001b[39m\n            \u001b[33mclass\u001b[39m=\u001b[32m\"autocomplete-wrapper\"\u001b[39m\n          \u001b[36m>\u001b[39m\n            \u001b[36m<div\u001b[39m\n              \u001b[33mclass\u001b[39m=\u001b[32m\"sc-bdvvaa kIKVPQ\"\u001b[39m\n            \u001b[36m>\u001b[39m\n              \u001b[36m<input\u001b[39m\n                \u001b[33mvalue\u001b[39m=\u001b[32m\"a\"\u001b[39m\n              \u001b[36m/>\u001b[39m\n              \u001b[36m<div\u001b[39m\n                \u001b[33mclass\u001b[39m=\u001b[32m\"delete-button\"\u001b[39m\n              \u001b[36m>\u001b[39m\n                \u001b[0m×\u001b[0m\n              \u001b[36m</div>\u001b[39m\n            \u001b[36m</div>\u001b[39m\n            \u001b[36m<ul\u001b[39m\n              \u001b[33mclass\u001b[39m=\u001b[32m\"sc-gsDJrp jsjusb\"\u001b[39m\n            \u001b[36m>\u001b[39m\n              \u001b[36m<div>\u001b[39m\n                \u001b[0m \u001b[0m\n                \u001b[0mantique\u001b[0m\n              \u001b[36m</div>\u001b[39m\n              \u001b[36m<div>\u001b[39m\n                \u001b[0m \u001b[0m\n                \u001b[0mvintage\u001b[0m\n              \u001b[36m</div>\u001b[39m\n            \u001b[36m</ul>\u001b[39m\n          \u001b[36m</div>\u001b[39m\n        \u001b[36m</div>\u001b[39m\n      \u001b[36m</body>\u001b[39m\n    \u001b[36m</html>\u001b[39m\n\n      66 |     userEvent.type(input, 'a');\n      67 |     await waitFor(() => {\n    > 68 |       expect(queryAllByRole('listitem').length).toBeGreaterThan(0);\n         |                                                 ^\n      69 |     });\n      70 |     userEvent.click(queryAllByRole('listitem')[0]);\n      71 |     await waitFor(() => {\n\n      at src/components/__tests__/Autocomplete.test.js:68:49\n      at runWithExpensiveErrorDiagnosticsDisabled (node_modules/@testing-library/dom/dist/config.js:51:12)\n      at checkCallback (node_modules/@testing-library/dom/dist/wait-for.js:127:77)\n      at checkRealTimersCallback (node_modules/@testing-library/dom/dist/wait-for.js:119:16)\n      at Timeout.task [as _onTimeout] (node_modules/jsdom/lib/jsdom/browser/Window.js:516:19)\n\n  ● Autocomplete UI 컴포넌트 기능 테스트 › drop down 기능 테스트 › drop down 항목을 마우스로 클릭 시, input 값이 이미 있어도 input 값이 drop down 항목의 값으로 변경되어야 합니다.\n\n    expect(received).toBeGreaterThan(expected)\n\n    Expected: > 0\n    Received:   0\n\n    \u001b[36m<html>\u001b[39m\n      \u001b[36m<head>\u001b[39m\n        \u001b[36m<style\u001b[39m\n          \u001b[33mdata-styled\u001b[39m=\u001b[32m\"active\"\u001b[39m\n          \u001b[33mdata-styled-version\u001b[39m=\u001b[32m\"5.2.3\"\u001b[39m\n        \u001b[36m>\u001b[39m\n          \u001b[0m.kIKVPQ{margin-top:8rem;background-color:#ffffff;display:-webkit-box;display:-webkit-flex;display:-ms-flexbox;display:flex;-webkit-flex-direction:row;-ms-flex-direction:row;flex-direction:row;padding:1rem;border:1px solid rgb(223,225,229);border-radius:1rem 1rem 1rem 1rem;z-index:3;box-shadow:0;}\u001b[0m\n          \u001b[0m.kIKVPQ:focus-within{box-shadow:0 4px 6px rgb(32 33 36 / 28%);}\u001b[0m\n          \u001b[0m.kIKVPQ &gt; input{-webkit-flex:1 0 0;-ms-flex:1 0 0;flex:1 0 0;background-color:transparent;border:none;margin:0;padding:0;outline:none;font-size:16px;}\u001b[0m\n          \u001b[0m.kIKVPQ &gt; div.delete-button{cursor:pointer;}\u001b[0m\n          \u001b[0m.jsjusb{background-color:#ffffff;display:block;margin-left:auto;margin-right:auto;list-style-type:none;margin-block-start:0;margin-block-end:0;margin-inline-start:0px;margin-inline-end:0px;padding-inline-start:0px;margin-top:-1px;padding:0.5rem 0;border:1px solid rgb(223,225,229);border-radius:0 0 1rem 1rem;box-shadow:0 4px 6px rgb(32 33 36 / 28%);z-index:3;}\u001b[0m\n          \u001b[0m.jsjusb &gt; li{padding:0 1rem;}\u001b[0m\n        \u001b[36m</style>\u001b[39m\n      \u001b[36m</head>\u001b[39m\n      \u001b[36m<body>\u001b[39m\n        \u001b[36m<div>\u001b[39m\n          \u001b[36m<div\u001b[39m\n            \u001b[33mclass\u001b[39m=\u001b[32m\"autocomplete-wrapper\"\u001b[39m\n          \u001b[36m>\u001b[39m\n            \u001b[36m<div\u001b[39m\n              \u001b[33mclass\u001b[39m=\u001b[32m\"sc-bdvvaa kIKVPQ\"\u001b[39m\n            \u001b[36m>\u001b[39m\n              \u001b[36m<input\u001b[39m\n                \u001b[33mvalue\u001b[39m=\u001b[32m\"a\"\u001b[39m\n              \u001b[36m/>\u001b[39m\n              \u001b[36m<div\u001b[39m\n                \u001b[33mclass\u001b[39m=\u001b[32m\"delete-button\"\u001b[39m\n              \u001b[36m>\u001b[39m\n                \u001b[0m×\u001b[0m\n              \u001b[36m</div>\u001b[39m\n            \u001b[36m</div>\u001b[39m\n            \u001b[36m<ul\u001b[39m\n              \u001b[33mclass\u001b[39m=\u001b[32m\"sc-gsDJrp jsjusb\"\u001b[39m\n            \u001b[36m>\u001b[39m\n              \u001b[36m<div>\u001b[39m\n                \u001b[0m \u001b[0m\n                \u001b[0mantique\u001b[0m\n              \u001b[36m</div>\u001b[39m\n              \u001b[36m<div>\u001b[39m\n                \u001b[0m \u001b[0m\n                \u001b[0mvintage\u001b[0m\n              \u001b[36m</div>\u001b[39m\n            \u001b[36m</ul>\u001b[39m\n          \u001b[36m</div>\u001b[39m\n        \u001b[36m</div>\u001b[39m\n      \u001b[36m</body>\u001b[39m\n    \u001b[36m</html>\u001b[39m\n\n      79 |     userEvent.type(input, 'a');\n      80 |     await waitFor(() => {\n    > 81 |       expect(queryAllByRole('listitem').length).toBeGreaterThan(0);\n         |                                                 ^\n      82 |     });\n      83 |     userEvent.click(queryAllByRole('listitem')[0]);\n      84 |     await waitFor(() => {\n\n      at src/components/__tests__/Autocomplete.test.js:81:49\n      at runWithExpensiveErrorDiagnosticsDisabled (node_modules/@testing-library/dom/dist/config.js:51:12)\n      at checkCallback (node_modules/@testing-library/dom/dist/wait-for.js:127:77)\n      at checkRealTimersCallback (node_modules/@testing-library/dom/dist/wait-for.js:119:16)\n      at Timeout.task [as _onTimeout] (node_modules/jsdom/lib/jsdom/browser/Window.js:516:19)\n","name":"/Users/jangjun-ig/Documents/GitHub/fe-sprint-react-custom-component/src/components/__tests__/index.test.js","startTime":1667198748389,"status":"failed","summary":""}],"wasInterrupted":false}